<?xml version="1.0" encoding="utf-8"?>
<shfbBuild product="Sandcastle Help File Builder and Tools" version="2019.9.15.0" projectFile="F:\Users\admin\Documents\help-md\test-md.shfbproj" started="10/10/2019 11:06:09">
<buildStep step="Initializing">
Finding tools...
The Sandcastle tools are located in &#39;C:\Program Files\EWSoftware\Sandcastle Help File Builder\&#39;
Locating components in the following folder(s):
    F:\Users\admin\Documents\help-md
    C:\ProgramData\EWSoftware\Sandcastle Help File Builder\Components and Plug-Ins\
    C:\Program Files\EWSoftware\Sandcastle Help File Builder\
Using framework reflection data for &#39;.NET Framework 4.6.1&#39; located in &#39;C:\Program Files\EWSoftware\Sandcastle Help File Builder\Data\.NETFramework&#39;
Using presentation style &#39;Markdown&#39; located in &#39;C:\Program Files\EWSoftware\Sandcastle Help File Builder\PresentationStyles\Markdown&#39;
-------------------------------
Clearing any prior web/markdown output...
</buildStep>
<buildStep step="ValidatingDocumentationSources">
Validating and copying documentation source information
Source: F:\Users\admin\Documents\help-md\v2.6\commandline\src\CommandLine\bin\Debug\net461\CommandLine.dll
    Found assembly &#39;F:\Users\admin\Documents\help-md\v2.6\commandline\src\CommandLine\bin\Debug\net461\CommandLine.dll&#39;
Source: F:\Users\admin\Documents\help-md\v2.6\commandline\src\CommandLine\bin\Debug\net461\CommandLine.xml

Copying XML comments files
    F:\Users\admin\Documents\help-md\v2.6\commandline\src\CommandLine\bin\Debug\net461\CommandLine.xml -&gt; F:\Users\admin\Documents\help-md\Help\Working\CommandLine.xml
</buildStep>
<buildStep step="GenerateSharedContent">
Generating shared content files (en-US, English (United States))...
    Last step completed in 00:00:00.0030
</buildStep>
<buildStep step="GenerateApiFilter">
Generating API filter for MRefBuilder...
    Last step completed in 00:00:00.0050
</buildStep>
<buildStep step="GenerateReflectionInfo">
Generating reflection information...
[C:\Program Files\MSBuild\14.0\bin\MSBuild.exe - GenerateRefInfo.proj]
Build started 10/10/2019 11:06:11.
Project &quot;F:\Users\admin\Documents\help-md\Help\Working\GenerateRefInfo.proj&quot; on node 1 (default targets).
PrepareForBuild:
  Creating directory &quot;obj\Debug\&quot;.
GenerateRefInfo:
  MRefBuilder (v2019.9.15.0)
  Copyright c 2006-2019, Microsoft Corporation, All Rights Reserved.
  Portions Copyright c 2006-2019, Eric Woodruff, All Rights Reserved.
  No source code context base path specified.  Source context information is unavailable.
  Loaded 1 assemblies for reflection and 1 dependency assemblies.
  Wrote information on 6 namespaces, 117 types, and 687 members
  Copying file from &quot;reflection.org&quot; to &quot;reflection.all&quot;.
  XslTransform (v2019.9.15.0)
  Copyright c 2006-2019, Microsoft Corporation, All Rights Reserved.
  Portions Copyright c 2006-2019, Eric Woodruff, All Rights Reserved.
  Applying XSL transformation &#39;C:\Program Files\EWSoftware\Sandcastle Help File Builder\ProductionTransforms\MergeDuplicates.xsl&#39;.
Done Building Project &quot;F:\Users\admin\Documents\help-md\Help\Working\GenerateRefInfo.proj&quot; (default targets).

Build succeeded.

Time Elapsed 00:00:01.01
    Last step completed in 00:00:01.3291
</buildStep>
<buildStep step="TransformReflectionInfo">
Transforming reflection output...
[C:\Program Files\MSBuild\14.0\bin\MSBuild.exe - TransformManifest.proj]
Build started 10/10/2019 11:06:13.
Project &quot;F:\Users\admin\Documents\help-md\Help\Working\TransformManifest.proj&quot; on node 1 (default targets).
TransformManifest:
  XslTransform (v2019.9.15.0)
  Copyright c 2006-2019, Microsoft Corporation, All Rights Reserved.
  Portions Copyright c 2006-2019, Eric Woodruff, All Rights Reserved.
  Applying XSL transformation &#39;C:\Program Files\EWSoftware\Sandcastle Help File Builder\\ProductionTransforms\ApplyVSDocModel.xsl&#39;.
  Copying file from &quot;reflection.xml&quot; to &quot;reflection.nofilenames&quot;.
  XslTransform (v2019.9.15.0)
  Copyright c 2006-2019, Microsoft Corporation, All Rights Reserved.
  Portions Copyright c 2006-2019, Eric Woodruff, All Rights Reserved.
  Applying XSL transformation &#39;C:\Program Files\EWSoftware\Sandcastle Help File Builder\ProductionTransforms\AddFilenames.xsl&#39;.
    Unique name M_CommandLine_Error__ctor_1 generated for M:CommandLine.Error.#ctor(CommandLine.ErrorType,System.Boolean)
    Unique name M_CommandLine_Error_Equals_1 generated for M:CommandLine.Error.Equals(System.Object)
    Unique name M_CommandLine_NamedError_Equals_1 generated for M:CommandLine.NamedError.Equals(System.Object)
    Unique name M_CommandLine_NameInfo_Equals_1 generated for M:CommandLine.NameInfo.Equals(System.Object)
    Unique name M_CommandLine_NotParsed_1_Equals_1 generated for M:CommandLine.NotParsed`1.Equals(System.Object)
    Unique name M_CommandLine_OptionAttribute__ctor_1 generated for M:CommandLine.OptionAttribute.#ctor(System.Char)
    Unique name M_CommandLine_OptionAttribute__ctor_2 generated for M:CommandLine.OptionAttribute.#ctor(System.Char,System.String)
    Unique name M_CommandLine_OptionAttribute__ctor_3 generated for M:CommandLine.OptionAttribute.#ctor(System.String)
    Unique name M_CommandLine_OptionAttribute__ctor_4 generated for M:CommandLine.OptionAttribute.#ctor(System.String,System.String)
    Unique name M_CommandLine_Parsed_1__ctor_1 generated for M:CommandLine.Parsed`1.#ctor(`0,CommandLine.TypeInfo)
    Unique name M_CommandLine_Parsed_1_Equals_1 generated for M:CommandLine.Parsed`1.Equals(System.Object)
    Unique name M_CommandLine_Parser__ctor_1 generated for M:CommandLine.Parser.#ctor(CommandLine.ParserSettings)
    Unique name M_CommandLine_Parser__ctor_2 generated for M:CommandLine.Parser.#ctor(System.Action{CommandLine.ParserSettings})
    Unique name M_CommandLine_Parser_Dispose_1 generated for M:CommandLine.Parser.Dispose(System.Boolean)
    Unique name M_CommandLine_Parser_ParseArguments__1_1 generated for M:CommandLine.Parser.ParseArguments``1(System.Func{``0},System.Collections.Generic.IEnumerable{System.String})
    Unique name M_CommandLine_ParserResultExtensions_MapResult__2_1 generated for M:CommandLine.ParserResultExtensions.MapResult``2(CommandLine.ParserResult{``0},System.Func{``0,``1},System.Func{System.Collections.Generic.IEnumerable{CommandLine.Error},``1})
    Unique name M_CommandLine_ParserResultExtensions_WithParsed__1_1 generated for M:CommandLine.ParserResultExtensions.WithParsed``1(CommandLine.ParserResult{``0},System.Action{``0})
    Unique name M_CommandLine_ParserSettings_Dispose_1 generated for M:CommandLine.ParserSettings.Dispose(System.Boolean)
    Unique name M_CommandLine_TokenError_Equals_1 generated for M:CommandLine.TokenError.Equals(System.Object)
    Unique name M_CommandLine_TypeInfo_Create_1 generated for M:CommandLine.TypeInfo.Create(System.Type,System.Collections.Generic.IEnumerable{System.Type})
    Unique name M_CommandLine_UnParserExtensions_FormatCommandLine__1_1 generated for M:CommandLine.UnParserExtensions.FormatCommandLine``1(CommandLine.Parser,``0,System.Action{CommandLine.UnParserSettings})
    Unique name M_CommandLine_Core_Name_Equals_1 generated for M:CommandLine.Core.Name.Equals(System.Object)
    Unique name M_CommandLine_Core_Token_Value_1 generated for M:CommandLine.Core.Token.Value(System.String,System.Boolean)
    Unique name M_CommandLine_Core_Tokenizer_Tokenize_1 generated for M:CommandLine.Core.Tokenizer.Tokenize(System.Collections.Generic.IEnumerable{System.String},System.Func{System.String,CommandLine.Core.NameLookupResult},System.Func{System.Collections.Generic.IEnumerable{CommandLine.Core.Token},System.Collections.Generic.IEnumerable{CommandLine.Core.Token}})
    Unique name M_CommandLine_Core_Value__ctor_1 generated for M:CommandLine.Core.Value.#ctor(System.String,System.Boolean)
    Unique name M_CommandLine_Core_Value_Equals_1 generated for M:CommandLine.Core.Value.Equals(System.Object)
    Unique name M_CommandLine_Infrastructure_StringBuilderExtensions_AppendWhen_1 generated for M:CommandLine.Infrastructure.StringBuilderExtensions.AppendWhen(System.Text.StringBuilder,System.Boolean,System.String[])
    Unique name M_CommandLine_Text_AssemblyLicenseAttribute__ctor_1 generated for M:CommandLine.Text.AssemblyLicenseAttribute.#ctor(System.String,System.String)
    Unique name M_CommandLine_Text_AssemblyLicenseAttribute__ctor_2 generated for M:CommandLine.Text.AssemblyLicenseAttribute.#ctor(System.String,System.String,System.String)
    Unique name M_CommandLine_Text_AssemblyLicenseAttribute__ctor_3 generated for M:CommandLine.Text.AssemblyLicenseAttribute.#ctor(System.String,System.String,System.String,System.String)
    Unique name M_CommandLine_Text_AssemblyLicenseAttribute__ctor_4 generated for M:CommandLine.Text.AssemblyLicenseAttribute.#ctor(System.String,System.String,System.String,System.String,System.String)
    Unique name M_CommandLine_Text_AssemblyUsageAttribute__ctor_1 generated for M:CommandLine.Text.AssemblyUsageAttribute.#ctor(System.String,System.String)
    Unique name M_CommandLine_Text_AssemblyUsageAttribute__ctor_2 generated for M:CommandLine.Text.AssemblyUsageAttribute.#ctor(System.String,System.String,System.String)
    Unique name M_CommandLine_Text_AssemblyUsageAttribute__ctor_3 generated for M:CommandLine.Text.AssemblyUsageAttribute.#ctor(System.String,System.String,System.String,System.String)
    Unique name M_CommandLine_Text_AssemblyUsageAttribute__ctor_4 generated for M:CommandLine.Text.AssemblyUsageAttribute.#ctor(System.String,System.String,System.String,System.String,System.String)
    Unique name M_CommandLine_Text_CopyrightInfo__ctor_1 generated for M:CommandLine.Text.CopyrightInfo.#ctor(System.Boolean,System.String,System.Int32[])
    Unique name M_CommandLine_Text_CopyrightInfo__ctor_2 generated for M:CommandLine.Text.CopyrightInfo.#ctor(System.Reflection.AssemblyCopyrightAttribute)
    Unique name M_CommandLine_Text_CopyrightInfo__ctor_3 generated for M:CommandLine.Text.CopyrightInfo.#ctor(System.String,System.Int32)
    Unique name M_CommandLine_Text_CopyrightInfo__ctor_4 generated for M:CommandLine.Text.CopyrightInfo.#ctor(System.String,System.Int32[])
    Unique name M_CommandLine_Text_Example__ctor_1 generated for M:CommandLine.Text.Example.#ctor(System.String,System.Collections.Generic.IEnumerable{CommandLine.UnParserSettings},System.Object)
    Unique name M_CommandLine_Text_Example__ctor_2 generated for M:CommandLine.Text.Example.#ctor(System.String,System.Object)
    Unique name M_CommandLine_Text_Example_Equals_1 generated for M:CommandLine.Text.Example.Equals(System.Object)
    Unique name M_CommandLine_Text_HeadingInfo_WriteMessage_1 generated for M:CommandLine.Text.HeadingInfo.WriteMessage(System.String,System.IO.TextWriter)
    Unique name M_CommandLine_Text_HelpText__ctor_1 generated for M:CommandLine.Text.HelpText.#ctor(CommandLine.Text.SentenceBuilder)
    Unique name M_CommandLine_Text_HelpText__ctor_2 generated for M:CommandLine.Text.HelpText.#ctor(CommandLine.Text.SentenceBuilder,System.String)
    Unique name M_CommandLine_Text_HelpText__ctor_3 generated for M:CommandLine.Text.HelpText.#ctor(CommandLine.Text.SentenceBuilder,System.String,System.String)
    Unique name M_CommandLine_Text_HelpText__ctor_4 generated for M:CommandLine.Text.HelpText.#ctor(System.String)
    Unique name M_CommandLine_Text_HelpText__ctor_5 generated for M:CommandLine.Text.HelpText.#ctor(System.String,System.String)
    Unique name M_CommandLine_Text_HelpText_AddLine_1 generated for M:CommandLine.Text.HelpText.AddLine(System.Text.StringBuilder,System.String,System.Int32)
    Unique name M_CommandLine_Text_HelpText_AddOptions__1_1 generated for M:CommandLine.Text.HelpText.AddOptions``1(System.Int32,CommandLine.ParserResult{``0})
    Unique name M_CommandLine_Text_HelpText_AddPreOptionsLine_1 generated for M:CommandLine.Text.HelpText.AddPreOptionsLine(System.String,System.Int32)
    Unique name M_CommandLine_Text_HelpText_AddVerbs_1 generated for M:CommandLine.Text.HelpText.AddVerbs(System.Type[])
    Unique name M_CommandLine_Text_HelpText_AutoBuild__1_1 generated for M:CommandLine.Text.HelpText.AutoBuild``1(CommandLine.ParserResult{``0},System.Int32)
    Unique name M_CommandLine_Text_HelpText_RenderUsageText__1_1 generated for M:CommandLine.Text.HelpText.RenderUsageText``1(CommandLine.ParserResult{``0},System.Func{CommandLine.Text.Example,CommandLine.Text.Example})
    Unique name M_CommandLine_Text_MultilineTextAttribute__ctor_1 generated for M:CommandLine.Text.MultilineTextAttribute.#ctor(System.String,System.String)
    Unique name M_CommandLine_Text_MultilineTextAttribute__ctor_2 generated for M:CommandLine.Text.MultilineTextAttribute.#ctor(System.String,System.String,System.String)
    Unique name M_CommandLine_Text_MultilineTextAttribute__ctor_3 generated for M:CommandLine.Text.MultilineTextAttribute.#ctor(System.String,System.String,System.String,System.String)
    Unique name M_CommandLine_Text_MultilineTextAttribute__ctor_4 generated for M:CommandLine.Text.MultilineTextAttribute.#ctor(System.String,System.String,System.String,System.String,System.String)
    Unique name M_CommandLine_Text_MultilineTextAttribute_AddToHelpText_1 generated for M:CommandLine.Text.MultilineTextAttribute.AddToHelpText(CommandLine.Text.HelpText,System.Func{System.String,CommandLine.Text.HelpText})
    Unique name M_CSharpx_EnumerableExtensions_Concat__1_1 generated for M:CSharpx.EnumerableExtensions.Concat``1(``0,System.Collections.Generic.IEnumerable{``0})
    Unique name M_CSharpx_EnumerableExtensions_Fold__2_1 generated for M:CSharpx.EnumerableExtensions.Fold``2(System.Collections.Generic.IEnumerable{``0},System.Func{``0,``0,``1})
    Unique name M_CSharpx_EnumerableExtensions_Fold__2_2 generated for M:CSharpx.EnumerableExtensions.Fold``2(System.Collections.Generic.IEnumerable{``0},System.Func{``0,``0,``0,``1})
    Unique name M_CSharpx_EnumerableExtensions_Fold__2_3 generated for M:CSharpx.EnumerableExtensions.Fold``2(System.Collections.Generic.IEnumerable{``0},System.Func{``0,``0,``0,``0,``1})
    Unique name M_CSharpx_EnumerableExtensions_Index__1_1 generated for M:CSharpx.EnumerableExtensions.Index``1(System.Collections.Generic.IEnumerable{``0},System.Int32)
    Unique name M_CSharpx_EnumerableExtensions_ToDelimitedString__1_1 generated for M:CSharpx.EnumerableExtensions.ToDelimitedString``1(System.Collections.Generic.IEnumerable{``0},System.String)
    Unique name M_RailwaySharp_ErrorHandling_Result_FailWith__2_1 generated for M:RailwaySharp.ErrorHandling.Result.FailWith``2(``1)
    Unique name M_RailwaySharp_ErrorHandling_Result_Succeed__2_1 generated for M:RailwaySharp.ErrorHandling.Result.Succeed``2(``0,System.Collections.Generic.IEnumerable{``1})
    Unique name M_RailwaySharp_ErrorHandling_Result_Succeed__2_2 generated for M:RailwaySharp.ErrorHandling.Result.Succeed``2(``0,``1)
  XslTransform (v2019.9.15.0)
  Copyright c 2006-2019, Microsoft Corporation, All Rights Reserved.
  Portions Copyright c 2006-2019, Eric Woodruff, All Rights Reserved.
  Applying XSL transformation &#39;C:\Program Files\EWSoftware\Sandcastle Help File Builder\ProductionTransforms\ReflectionToManifest.xsl&#39;.
Done Building Project &quot;F:\Users\admin\Documents\help-md\Help\Working\TransformManifest.proj&quot; (default targets).

Build succeeded.

Time Elapsed 00:00:01.08
    Last step completed in 00:00:01.2941
</buildStep>
<buildStep step="GenerateNamespaceSummaries">
Generating namespace summary information...
    Last step completed in 00:00:00.0500
</buildStep>
<buildStep step="CopyAdditionalContent">
Copying additional content files...
No additional content to copy
    Last step completed in 00:00:00.0040
</buildStep>
<buildStep step="MergeTablesOfContents">
Merging conceptual and additional tables of contents...
    Last step completed in 00:00:00.0030
</buildStep>
<buildStep step="GenerateIntermediateTableOfContents">
Generating intermediate table of contents file...
[C:\Program Files\MSBuild\14.0\bin\MSBuild.exe - GenerateIntermediateTOC.proj]
Build started 10/10/2019 11:06:14.
Project &quot;F:\Users\admin\Documents\help-md\Help\Working\GenerateIntermediateTOC.proj&quot; on node 1 (default targets).
GenerateIntermediateTOC:
  XslTransform (v2019.9.15.0)
  Copyright c 2006-2019, Microsoft Corporation, All Rights Reserved.
  Portions Copyright c 2006-2019, Eric Woodruff, All Rights Reserved.
  Applying XSL transformation &#39;C:\Program Files\EWSoftware\Sandcastle Help File Builder\\ProductionTransforms\CreateVSToc.xsl&#39;.
Done Building Project &quot;F:\Users\admin\Documents\help-md\Help\Working\GenerateIntermediateTOC.proj&quot; (default targets).

Build succeeded.

Time Elapsed 00:00:00.17
Generating conceptual content intermediate TOC file...
    Last step completed in 00:00:00.3770
</buildStep>
<buildStep step="CreateBuildAssemblerConfigs">
Creating Sandcastle configuration files...
    sandcastle.config
    Last step completed in 00:00:00.0680
</buildStep>
<buildStep step="MergeCustomConfigs">
Merging custom build component configurations
F:\Users\admin\Documents\help-md\Help\Working\sandcastle.config
  Updating reference topic configurations.
  No conceptual content.  Removing conceptual content components.
    Last step completed in 00:00:00.0090
</buildStep>
<buildStep step="BuildTopics">
Building help topics...
[C:\Program Files\MSBuild\14.0\bin\MSBuild.exe - BuildTopics.proj]
Build started 10/10/2019 11:06:15.
Project &quot;F:\Users\admin\Documents\help-md\Help\Working\BuildTopics.proj&quot; on node 1 (default targets).
BuildTopics:
  BuildAssembler (v2019.9.15.0)
  Copyright c 2006-2019, Microsoft Corporation, All Rights Reserved.
  Portions Copyright c 2006-2019, Eric Woodruff, All Rights Reserved.
  Loading configuration...
  Processing topics...
  Processed 1004 topic(s)
  CopyFromIndexComponent: &quot;reflection&quot; in-memory cache entries used: 8 of 15.
  CopyFromIndexComponent: &quot;comments&quot; in-memory cache entries used: 2 of 30.
Done Building Project &quot;F:\Users\admin\Documents\help-md\Help\Working\BuildTopics.proj&quot; (default targets).

Build succeeded.

Time Elapsed 00:00:11.01
    Last step completed in 00:00:11.2556
</buildStep>
<buildStep step="CombiningIntermediateTocFiles">
Combining conceptual and API intermediate TOC files...
    Last step completed in 00:00:00.0130
</buildStep>
<buildStep step="CopyStandardHelpContent">
Copying standard help content...
C:\Program Files\EWSoftware\Sandcastle Help File Builder\PresentationStyles\Markdown\media\AlertCaution.png -&gt; F:\Users\admin\Documents\help-md\Help\Working\Output\Markdown\media\AlertCaution.png
C:\Program Files\EWSoftware\Sandcastle Help File Builder\PresentationStyles\Markdown\media\AlertNote.png -&gt; F:\Users\admin\Documents\help-md\Help\Working\Output\Markdown\media\AlertNote.png
C:\Program Files\EWSoftware\Sandcastle Help File Builder\PresentationStyles\Markdown\media\AlertSecurity.png -&gt; F:\Users\admin\Documents\help-md\Help\Working\Output\Markdown\media\AlertSecurity.png
C:\Program Files\EWSoftware\Sandcastle Help File Builder\PresentationStyles\Markdown\media\CFW.gif -&gt; F:\Users\admin\Documents\help-md\Help\Working\Output\Markdown\media\CFW.gif
C:\Program Files\EWSoftware\Sandcastle Help File Builder\PresentationStyles\Markdown\media\CodeExample.png -&gt; F:\Users\admin\Documents\help-md\Help\Working\Output\Markdown\media\CodeExample.png
C:\Program Files\EWSoftware\Sandcastle Help File Builder\PresentationStyles\Markdown\media\privclass.gif -&gt; F:\Users\admin\Documents\help-md\Help\Working\Output\Markdown\media\privclass.gif
C:\Program Files\EWSoftware\Sandcastle Help File Builder\PresentationStyles\Markdown\media\privdelegate.gif -&gt; F:\Users\admin\Documents\help-md\Help\Working\Output\Markdown\media\privdelegate.gif
C:\Program Files\EWSoftware\Sandcastle Help File Builder\PresentationStyles\Markdown\media\privenumeration.gif -&gt; F:\Users\admin\Documents\help-md\Help\Working\Output\Markdown\media\privenumeration.gif
C:\Program Files\EWSoftware\Sandcastle Help File Builder\PresentationStyles\Markdown\media\privevent.gif -&gt; F:\Users\admin\Documents\help-md\Help\Working\Output\Markdown\media\privevent.gif
C:\Program Files\EWSoftware\Sandcastle Help File Builder\PresentationStyles\Markdown\media\privextension.gif -&gt; F:\Users\admin\Documents\help-md\Help\Working\Output\Markdown\media\privextension.gif
C:\Program Files\EWSoftware\Sandcastle Help File Builder\PresentationStyles\Markdown\media\privfield.gif -&gt; F:\Users\admin\Documents\help-md\Help\Working\Output\Markdown\media\privfield.gif
C:\Program Files\EWSoftware\Sandcastle Help File Builder\PresentationStyles\Markdown\media\privinterface.gif -&gt; F:\Users\admin\Documents\help-md\Help\Working\Output\Markdown\media\privinterface.gif
C:\Program Files\EWSoftware\Sandcastle Help File Builder\PresentationStyles\Markdown\media\privmethod.gif -&gt; F:\Users\admin\Documents\help-md\Help\Working\Output\Markdown\media\privmethod.gif
C:\Program Files\EWSoftware\Sandcastle Help File Builder\PresentationStyles\Markdown\media\privproperty.gif -&gt; F:\Users\admin\Documents\help-md\Help\Working\Output\Markdown\media\privproperty.gif
C:\Program Files\EWSoftware\Sandcastle Help File Builder\PresentationStyles\Markdown\media\privstructure.gif -&gt; F:\Users\admin\Documents\help-md\Help\Working\Output\Markdown\media\privstructure.gif
C:\Program Files\EWSoftware\Sandcastle Help File Builder\PresentationStyles\Markdown\media\protclass.gif -&gt; F:\Users\admin\Documents\help-md\Help\Working\Output\Markdown\media\protclass.gif
C:\Program Files\EWSoftware\Sandcastle Help File Builder\PresentationStyles\Markdown\media\protdelegate.gif -&gt; F:\Users\admin\Documents\help-md\Help\Working\Output\Markdown\media\protdelegate.gif
C:\Program Files\EWSoftware\Sandcastle Help File Builder\PresentationStyles\Markdown\media\protenumeration.gif -&gt; F:\Users\admin\Documents\help-md\Help\Working\Output\Markdown\media\protenumeration.gif
C:\Program Files\EWSoftware\Sandcastle Help File Builder\PresentationStyles\Markdown\media\protevent.gif -&gt; F:\Users\admin\Documents\help-md\Help\Working\Output\Markdown\media\protevent.gif
C:\Program Files\EWSoftware\Sandcastle Help File Builder\PresentationStyles\Markdown\media\protextension.gif -&gt; F:\Users\admin\Documents\help-md\Help\Working\Output\Markdown\media\protextension.gif
C:\Program Files\EWSoftware\Sandcastle Help File Builder\PresentationStyles\Markdown\media\protfield.gif -&gt; F:\Users\admin\Documents\help-md\Help\Working\Output\Markdown\media\protfield.gif
C:\Program Files\EWSoftware\Sandcastle Help File Builder\PresentationStyles\Markdown\media\protinterface.gif -&gt; F:\Users\admin\Documents\help-md\Help\Working\Output\Markdown\media\protinterface.gif
C:\Program Files\EWSoftware\Sandcastle Help File Builder\PresentationStyles\Markdown\media\protmethod.gif -&gt; F:\Users\admin\Documents\help-md\Help\Working\Output\Markdown\media\protmethod.gif
C:\Program Files\EWSoftware\Sandcastle Help File Builder\PresentationStyles\Markdown\media\protoperator.gif -&gt; F:\Users\admin\Documents\help-md\Help\Working\Output\Markdown\media\protoperator.gif
C:\Program Files\EWSoftware\Sandcastle Help File Builder\PresentationStyles\Markdown\media\protproperty.gif -&gt; F:\Users\admin\Documents\help-md\Help\Working\Output\Markdown\media\protproperty.gif
C:\Program Files\EWSoftware\Sandcastle Help File Builder\PresentationStyles\Markdown\media\protstructure.gif -&gt; F:\Users\admin\Documents\help-md\Help\Working\Output\Markdown\media\protstructure.gif
C:\Program Files\EWSoftware\Sandcastle Help File Builder\PresentationStyles\Markdown\media\pubclass.gif -&gt; F:\Users\admin\Documents\help-md\Help\Working\Output\Markdown\media\pubclass.gif
C:\Program Files\EWSoftware\Sandcastle Help File Builder\PresentationStyles\Markdown\media\pubdelegate.gif -&gt; F:\Users\admin\Documents\help-md\Help\Working\Output\Markdown\media\pubdelegate.gif
C:\Program Files\EWSoftware\Sandcastle Help File Builder\PresentationStyles\Markdown\media\pubenumeration.gif -&gt; F:\Users\admin\Documents\help-md\Help\Working\Output\Markdown\media\pubenumeration.gif
C:\Program Files\EWSoftware\Sandcastle Help File Builder\PresentationStyles\Markdown\media\pubevent.gif -&gt; F:\Users\admin\Documents\help-md\Help\Working\Output\Markdown\media\pubevent.gif
C:\Program Files\EWSoftware\Sandcastle Help File Builder\PresentationStyles\Markdown\media\pubextension.gif -&gt; F:\Users\admin\Documents\help-md\Help\Working\Output\Markdown\media\pubextension.gif
C:\Program Files\EWSoftware\Sandcastle Help File Builder\PresentationStyles\Markdown\media\pubfield.gif -&gt; F:\Users\admin\Documents\help-md\Help\Working\Output\Markdown\media\pubfield.gif
C:\Program Files\EWSoftware\Sandcastle Help File Builder\PresentationStyles\Markdown\media\pubinterface.gif -&gt; F:\Users\admin\Documents\help-md\Help\Working\Output\Markdown\media\pubinterface.gif
C:\Program Files\EWSoftware\Sandcastle Help File Builder\PresentationStyles\Markdown\media\pubmethod.gif -&gt; F:\Users\admin\Documents\help-md\Help\Working\Output\Markdown\media\pubmethod.gif
C:\Program Files\EWSoftware\Sandcastle Help File Builder\PresentationStyles\Markdown\media\puboperator.gif -&gt; F:\Users\admin\Documents\help-md\Help\Working\Output\Markdown\media\puboperator.gif
C:\Program Files\EWSoftware\Sandcastle Help File Builder\PresentationStyles\Markdown\media\pubproperty.gif -&gt; F:\Users\admin\Documents\help-md\Help\Working\Output\Markdown\media\pubproperty.gif
C:\Program Files\EWSoftware\Sandcastle Help File Builder\PresentationStyles\Markdown\media\pubstructure.gif -&gt; F:\Users\admin\Documents\help-md\Help\Working\Output\Markdown\media\pubstructure.gif
C:\Program Files\EWSoftware\Sandcastle Help File Builder\PresentationStyles\Markdown\media\slMobile.gif -&gt; F:\Users\admin\Documents\help-md\Help\Working\Output\Markdown\media\slMobile.gif
C:\Program Files\EWSoftware\Sandcastle Help File Builder\PresentationStyles\Markdown\media\static.gif -&gt; F:\Users\admin\Documents\help-md\Help\Working\Output\Markdown\media\static.gif
C:\Program Files\EWSoftware\Sandcastle Help File Builder\PresentationStyles\Markdown\media\xna.gif -&gt; F:\Users\admin\Documents\help-md\Help\Working\Output\Markdown\media\xna.gif
C:\Program Files\EWSoftware\Sandcastle Help File Builder\PresentationStyles\Markdown\MarkdownContent\_Footer.md -&gt; F:\Users\admin\Documents\help-md\Help\Working\Output\Markdown\_Footer.md
    Last step completed in 00:00:00.1560
</buildStep>
<buildStep step="GenerateHelpFormatTableOfContents">
Executing informational Generate Table of Contents build step for plug-ins (not used for Markdown)
    Last step completed in 00:00:00.0030
</buildStep>
<buildStep step="GenerateHelpProject">
Executing informational Generate Help Project build step for plug-ins (not used for Markdown)
    Last step completed in 00:00:00.0020
</buildStep>
<buildStep step="CompilingHelpFile">
Generating markdown content...
[C:\Program Files\MSBuild\14.0\bin\MSBuild.exe - GenerateMarkdownContent.proj]
  500 topics generated
  1000 topics generated
  Finished generating 1004 topics
  Copying content to output folder...
  Copied 500 files
  Copied 1000 files
  Finished copying 1047 files
    Last step completed in 00:00:02.9172
</buildStep>
<buildStep step="CleanIntermediates">
Removing intermediate files...
    Last step completed in 00:00:00.4170
</buildStep>
<buildStep step="Completed">

Build completed successfully at 10/10/2019 11:06:29.  Total time: 00:00:19.6671

</buildStep>
</shfbBuild>
